<?xml version="1.0" encoding="UTF-8"?>
<testsuite name="Test"
           tests="5"
           failures="0"
           errors="0"
           skipped="0"
           time="0.016">
  <properties />
  
  
            <testcase name="forth_testcase" time="0.001" classname="demoTestNG.TestScenario3" />
                <testcase name="third_testcase" time="0.002" classname="demoTestNG.TestScenario3" />
                <testcase name="sixth_testcase" time="0.002" classname="demoTestNG.TestScenario3" />
                <testcase name="fifth_testcase" time="0.003" classname="demoTestNG.TestScenario3" />
                <testcase name="second_testcase" time="0.008" classname="demoTestNG.TestScenario3" />
      
</testsuite>
