<?xml version="1.0" encoding="UTF-8"?>
<testsuite name="Test"
           tests="6"
           failures="0"
           errors="0"
           skipped="0"
           time="0.029">
  <properties />
  
  
            <testcase name="forth_testcase" time="0.003" classname="demoTestNG.TestScenario8" />
                <testcase name="third_testcase" time="0.003" classname="demoTestNG.TestScenario8" />
                <testcase name="fifth_testcase" time="0.003" classname="demoTestNG.TestScenario8" />
                <testcase name="sixth_testcase" time="0.006" classname="demoTestNG.TestScenario8" />
                <testcase name="first_testcase" time="0.003" classname="demoTestNG.TestScenario8" />
                <testcase name="second_testcase" time="0.011" classname="demoTestNG.TestScenario8" />
      
</testsuite>
