<?xml version="1.0" encoding="UTF-8"?>
<testng-results ignored="0" total="1" passed="1" failed="0" skipped="0">
  <reporter-output>
  </reporter-output>
  <suite started-at="2025-04-15T21:54:11 IST" name="Default suite" finished-at="2025-04-15T21:54:17 IST" duration-ms="5739">
    <groups>
    </groups>
    <test started-at="2025-04-15T21:54:11 IST" name="Default test" finished-at="2025-04-15T21:54:17 IST" duration-ms="5739">
      <class name="org.wipro.automation.saucedemo.testcases.LoginScenario">
        <test-method is-config="true" signature="launchBrowser()[pri:0, instance:org.wipro.automation.saucedemo.testcases.LoginScenario@385e9564]" started-at="2025-04-15T21:54:11 IST" name="launchBrowser" finished-at="2025-04-15T21:54:16 IST" duration-ms="4935" status="PASS">
          <reporter-output>
          </reporter-output>
        </test-method> <!-- launchBrowser -->
        <test-method signature="tc01_login_valid_credentials()[pri:0, instance:org.wipro.automation.saucedemo.testcases.LoginScenario@385e9564]" started-at="2025-04-15T21:54:16 IST" name="tc01_login_valid_credentials" finished-at="2025-04-15T21:54:17 IST" duration-ms="723" status="PASS">
          <reporter-output>
          </reporter-output>
        </test-method> <!-- tc01_login_valid_credentials -->
        <test-method is-config="true" signature="quitBrowser()[pri:0, instance:org.wipro.automation.saucedemo.testcases.LoginScenario@385e9564]" started-at="2025-04-15T21:54:17 IST" name="quitBrowser" finished-at="2025-04-15T21:54:17 IST" duration-ms="1" status="PASS">
          <reporter-output>
          </reporter-output>
        </test-method> <!-- quitBrowser -->
      </class> <!-- org.wipro.automation.saucedemo.testcases.LoginScenario -->
    </test> <!-- Default test -->
  </suite> <!-- Default suite -->
</testng-results>
